# JRE version: Java(TM) SE Runtime Environment (8.0_201-b09) (build 1.8.0_201-b09)
# Java VM: Java HotSpot(TM) 64-Bit Server VM (25.201-b09 mixed mode windows-amd64 compressed oops)
Heap:
 PSYoungGen      total 195072K, used 82310K [0x00000000d7300000, 0x00000000e4f00000, 0x0000000100000000)
  eden space 182784K, 45% used [0x00000000d7300000,0x00000000dc361ba8,0x00000000e2580000)
  from space 12288K, 0% used [0x00000000e3300000,0x00000000e3300000,0x00000000e3f00000)
  to   space 13824K, 0% used [0x00000000e2580000,0x00000000e2580000,0x00000000e3300000)
 ParOldGen       total 48640K, used 17089K [0x0000000085800000, 0x0000000088780000, 0x00000000d7300000)
  object space 48640K, 35% used [0x0000000085800000,0x00000000868b04d0,0x0000000088780000)
 Metaspace       used 41005K, capacity 42978K, committed 43392K, reserved 1087488K
  class space    used 5781K, capacity 6163K, committed 6272K, reserved 1048576K
GC Heap History (10 events):
Event: 4.144 GC heap before
{Heap before GC invocations=6 (full 1):
 PSYoungGen      total 68608K, used 5117K [0x00000000d7300000, 0x00000000e0100000, 0x0000000100000000)
  eden space 63488K, 0% used [0x00000000d7300000,0x00000000d7300000,0x00000000db100000)
  from space 5120K, 99% used [0x00000000db100000,0x00000000db5ff460,0x00000000db600000)
  to   space 9216K, 0% used [0x00000000df800000,0x00000000df800000,0x00000000e0100000)
 ParOldGen       total 84992K, used 6371K [0x0000000085800000, 0x000000008ab00000, 0x00000000d7300000)
  object space 84992K, 7% used [0x0000000085800000,0x0000000085e38f40,0x000000008ab00000)
 Metaspace       used 20525K, capacity 21272K, committed 21296K, reserved 1067008K
  class space    used 2755K, capacity 2940K, committed 2944K, reserved 1048576K
Event: 4.196 GC heap after
Heap after GC invocations=6 (full 1):
 PSYoungGen      total 68608K, used 0K [0x00000000d7300000, 0x00000000e0100000, 0x0000000100000000)
  eden space 63488K, 0% used [0x00000000d7300000,0x00000000d7300000,0x00000000db100000)
  from space 5120K, 0% used [0x00000000db100000,0x00000000db100000,0x00000000db600000)
  to   space 9216K, 0% used [0x00000000df800000,0x00000000df800000,0x00000000e0100000)
 ParOldGen       total 48640K, used 5490K [0x0000000085800000, 0x0000000088780000, 0x00000000d7300000)
  object space 48640K, 11% used [0x0000000085800000,0x0000000085d5c910,0x0000000088780000)
 Metaspace       used 20523K, capacity 21266K, committed 21296K, reserved 1067008K
  class space    used 2754K, capacity 2939K, committed 2944K, reserved 1048576K
}
Event: 4.630 GC heap before
{Heap before GC invocations=7 (full 1):
 PSYoungGen      total 68608K, used 63488K [0x00000000d7300000, 0x00000000e0100000, 0x0000000100000000)
  eden space 63488K, 100% used [0x00000000d7300000,0x00000000db100000,0x00000000db100000)
  from space 5120K, 0% used [0x00000000db100000,0x00000000db100000,0x00000000db600000)
  to   space 9216K, 0% used [0x00000000df800000,0x00000000df800000,0x00000000e0100000)
 ParOldGen       total 48640K, used 5490K [0x0000000085800000, 0x0000000088780000, 0x00000000d7300000)
  object space 48640K, 11% used [0x0000000085800000,0x0000000085d5c910,0x0000000088780000)
 Metaspace       used 21668K, capacity 22532K, committed 22656K, reserved 1069056K
  class space    used 2923K, capacity 3134K, committed 3200K, reserved 1048576K
Event: 4.633 GC heap after
Heap after GC invocations=7 (full 1):
 PSYoungGen      total 112640K, used 2783K [0x00000000d7300000, 0x00000000dfb00000, 0x0000000100000000)
  eden space 109568K, 0% used [0x00000000d7300000,0x00000000d7300000,0x00000000dde00000)
  from space 3072K, 90% used [0x00000000df800000,0x00000000dfab7e30,0x00000000dfb00000)
  to   space 9728K, 0% used [0x00000000de800000,0x00000000de800000,0x00000000df180000)
 ParOldGen       total 48640K, used 5498K [0x0000000085800000, 0x0000000088780000, 0x00000000d7300000)
  object space 48640K, 11% used [0x0000000085800000,0x0000000085d5e910,0x0000000088780000)
 Metaspace       used 21668K, capacity 22532K, committed 22656K, reserved 1069056K
  class space    used 2923K, capacity 3134K, committed 3200K, reserved 1048576K
}
Event: 5.757 GC heap before
{Heap before GC invocations=8 (full 1):
 PSYoungGen      total 112640K, used 112351K [0x00000000d7300000, 0x00000000dfb00000, 0x0000000100000000)
  eden space 109568K, 100% used [0x00000000d7300000,0x00000000dde00000,0x00000000dde00000)
  from space 3072K, 90% used [0x00000000df800000,0x00000000dfab7e30,0x00000000dfb00000)
  to   space 9728K, 0% used [0x00000000de800000,0x00000000de800000,0x00000000df180000)
 ParOldGen       total 48640K, used 5498K [0x0000000085800000, 0x0000000088780000, 0x00000000d7300000)
  object space 48640K, 11% used [0x0000000085800000,0x0000000085d5e910,0x0000000088780000)
 Metaspace       used 27964K, capacity 29626K, committed 29824K, reserved 1075200K
  class space    used 3876K, capacity 4209K, committed 4224K, reserved 1048576K
Event: 5.769 GC heap after
Heap after GC invocations=8 (full 1):
 PSYoungGen      total 129536K, used 9704K [0x00000000d7300000, 0x00000000e3f00000, 0x0000000100000000)
  eden space 119808K, 0% used [0x00000000d7300000,0x00000000d7300000,0x00000000de800000)
  from space 9728K, 99% used [0x00000000de800000,0x00000000df17a0a8,0x00000000df180000)
  to   space 12288K, 0% used [0x00000000e3300000,0x00000000e3300000,0x00000000e3f00000)
 ParOldGen       total 48640K, used 7629K [0x0000000085800000, 0x0000000088780000, 0x00000000d7300000)
  object space 48640K, 15% used [0x0000000085800000,0x0000000085f73710,0x0000000088780000)
 Metaspace       used 27964K, capacity 29626K, committed 29824K, reserved 1075200K
  class space    used 3876K, capacity 4209K, committed 4224K, reserved 1048576K
}
Event: 6.505 GC heap before
{Heap before GC invocations=9 (full 1):
 PSYoungGen      total 129536K, used 116192K [0x00000000d7300000, 0x00000000e3f00000, 0x0000000100000000)
  eden space 119808K, 88% used [0x00000000d7300000,0x00000000ddafe048,0x00000000de800000)
  from space 9728K, 99% used [0x00000000de800000,0x00000000df17a0a8,0x00000000df180000)
  to   space 12288K, 0% used [0x00000000e3300000,0x00000000e3300000,0x00000000e3f00000)
 ParOldGen       total 48640K, used 7629K [0x0000000085800000, 0x0000000088780000, 0x00000000d7300000)
  object space 48640K, 15% used [0x0000000085800000,0x0000000085f73710,0x0000000088780000)
 Metaspace       used 33604K, capacity 35416K, committed 35496K, reserved 1079296K
  class space    used 4744K, capacity 5088K, committed 5120K, reserved 1048576K
Event: 6.515 GC heap after
Heap after GC invocations=9 (full 1):
 PSYoungGen      total 195072K, used 12223K [0x00000000d7300000, 0x00000000e4f00000, 0x0000000100000000)
  eden space 182784K, 0% used [0x00000000d7300000,0x00000000d7300000,0x00000000e2580000)
  from space 12288K, 99% used [0x00000000e3300000,0x00000000e3eefdb8,0x00000000e3f00000)
  to   space 13824K, 0% used [0x00000000e2580000,0x00000000e2580000,0x00000000e3300000)
 ParOldGen       total 48640K, used 7637K [0x0000000085800000, 0x0000000088780000, 0x00000000d7300000)
  object space 48640K, 15% used [0x0000000085800000,0x0000000085f75710,0x0000000088780000)
 Metaspace       used 33604K, capacity 35416K, committed 35496K, reserved 1079296K
  class space    used 4744K, capacity 5088K, committed 5120K, reserved 1048576K
}
Event: 6.515 GC heap before
{Heap before GC invocations=10 (full 2):
 PSYoungGen      total 195072K, used 12223K [0x00000000d7300000, 0x00000000e4f00000, 0x0000000100000000)
  eden space 182784K, 0% used [0x00000000d7300000,0x00000000d7300000,0x00000000e2580000)
  from space 12288K, 99% used [0x00000000e3300000,0x00000000e3eefdb8,0x00000000e3f00000)
  to   space 13824K, 0% used [0x00000000e2580000,0x00000000e2580000,0x00000000e3300000)
 ParOldGen       total 48640K, used 7637K [0x0000000085800000, 0x0000000088780000, 0x00000000d7300000)
  object space 48640K, 15% used [0x0000000085800000,0x0000000085f75710,0x0000000088780000)
 Metaspace       used 33604K, capacity 35416K, committed 35496K, reserved 1079296K
  class space    used 4744K, capacity 5088K, committed 5120K, reserved 1048576K
Event: 6.555 GC heap after
Heap after GC invocations=10 (full 2):
 PSYoungGen      total 195072K, used 0K [0x00000000d7300000, 0x00000000e4f00000, 0x0000000100000000)
  eden space 182784K, 0% used [0x00000000d7300000,0x00000000d7300000,0x00000000e2580000)
  from space 12288K, 0% used [0x00000000e3300000,0x00000000e3300000,0x00000000e3f00000)
  to   space 13824K, 0% used [0x00000000e2580000,0x00000000e2580000,0x00000000e3300000)
 ParOldGen       total 48640K, used 17089K [0x0000000085800000, 0x0000000088780000, 0x00000000d7300000)
  object space 48640K, 35% used [0x0000000085800000,0x00000000868b04d0,0x0000000088780000)
 Metaspace       used 33604K, capacity 35416K, committed 35496K, reserved 1079296K
  class space    used 4744K, capacity 5088K, committed 5120K, reserved 1048576K
}

